#
# A fatal error has been detected by the Java Runtime Environment:
#
#  EXCEPTION_ACCESS_VIOLATION (0xc0000005) at pc=0x0000000057ab1c17, pid=6472, tid=6208
#
# JRE version: Java(TM) SE Runtime Environment (8.0_74-b02) (build 1.8.0_74-b02)
# Java VM: Java HotSpot(TM) 64-Bit Server VM (25.74-b02 mixed mode windows-amd64 compressed oops)
# Problematic frame:
# V  [jvm.dll+0x211c17]
#
# Failed to write core dump. Minidumps are not enabled by default on client versions of Windows
#
# If you would like to submit a bug report, please visit:
#   http://bugreport.java.com/bugreport/crash.jsp
#

---------------  T H R E A D  ---------------

Current thread (0x00000000550f1000):  JavaThread "Signal Dispatcher" daemon [_thread_in_vm, id=6208, stack(0x0000000056b40000,0x0000000056c40000)]

siginfo: ExceptionCode=0xc0000005, writing address 0x0000000056c39db0

Registers:
RAX=0x0000000056c39db0, RBX=0x0000000000000006, RCX=0x0000000000005000, RDX=0x0000000000000006
RSP=0x0000000056c3edb0, RBP=0x0000000000000000, RSI=0x0000000056c3edb0, RDI=0x0000000000000006
R8 =0x0000000000000006, R9 =0x000000005508e8e0, R10=0x000000005472d4c8, R11=0x0000000056b4a150
R12=0x000000005508e8e0, R13=0x00000000550f1000, R14=0x0000000056c3ee78, R15=0x000000005472d4c8
RIP=0x0000000057ab1c17, EFLAGS=0x0000000000010202

Top of Stack: (sp=0x0000000056c3edb0)
0x0000000056c3edb0:   0000000000000000 0000000000520000
0x0000000056c3edc0:   00000000550f1000 000000005508e8e0
0x0000000056c3edd0:   00000000ffffffff 0000000057ab2b47
0x0000000056c3ede0:   0000000056c3eee0 000000005472d4c8
0x0000000056c3edf0:   00000000550f1000 000000005795f7a3
0x0000000056c3ee00:   0000000056c3ee40 00000000550f1000
0x0000000056c3ee10:   0000000056c3eed0 00000000550f1000
0x0000000056c3ee20:   000000005472d4c8 00000000550f1000
0x0000000056c3ee30:   00000000029610c0 00000000550f1000
0x0000000056c3ee40:   000000005472d4c8 00000000550f1000
0x0000000056c3ee50:   000000005472d4c8 00000000550f1000
0x0000000056c3ee60:   0000000000000001 000000005472d4c8
0x0000000056c3ee70:   00000000550f1000 00000000550f1f00
0x0000000056c3ee80:   00000000550f1000 0000000057960c8d
0x0000000056c3ee90:   0000000056c3f1e0 00000000147069a0
0x0000000056c3eea0:   00000000147069a0 0000000000520230 

Instructions: (pc=0x0000000057ab1c17)
0x0000000057ab1bf7:   48 89 6c 24 30 33 ed 66 90 e8 4b 36 08 00 ff c3
0x0000000057ab1c07:   48 63 c8 48 8b c6 48 0f af cf 48 ff c7 48 2b c1
0x0000000057ab1c17:   89 28 48 63 c3 48 3b 05 6d aa 58 00 7e db 48 8b
0x0000000057ab1c27:   6c 24 30 48 8b 5c 24 38 48 8b 74 24 40 48 83 c4 


Register to memory mapping:

RAX=0x0000000056c39db0 is pointing into the stack for thread: 0x00000000550f1000
RBX=0x0000000000000006 is an unknown value
RCX=0x0000000000005000 is an unknown value
RDX=0x0000000000000006 is an unknown value
RSP=0x0000000056c3edb0 is pointing into the stack for thread: 0x00000000550f1000
RBP=0x0000000000000000 is an unknown value
RSI=0x0000000056c3edb0 is pointing into the stack for thread: 0x00000000550f1000
RDI=0x0000000000000006 is an unknown value
R8 =0x0000000000000006 is an unknown value
R9 =0x000000005508e8e0 is an unknown value
R10={method} {0x000000005472d4d0} 'exit' '()V' in 'java/lang/Thread'
R11=0x0000000056b4a150 is pointing into the stack for thread: 0x00000000550f1000
R12=0x000000005508e8e0 is an unknown value
R13=0x00000000550f1000 is a thread
R14=0x0000000056c3ee78 is pointing into the stack for thread: 0x00000000550f1000
R15={method} {0x000000005472d4d0} 'exit' '()V' in 'java/lang/Thread'


Stack: [0x0000000056b40000,0x0000000056c40000],  sp=0x0000000056c3edb0,  free space=1019k
Native frames: (J=compiled Java code, j=interpreted, Vv=VM code, C=native code)


---------------  P R O C E S S  ---------------

Java Threads: ( => current thread )
  0x000000005893d800 JavaThread "RMI Scheduler(0)" daemon [_thread_blocked, id=2004, stack(0x0000000058170000,0x0000000058270000)]
  0x00000000588fa000 JavaThread "RMI TCP Connection(1)-192.168.10.160" daemon [_thread_in_native, id=2136, stack(0x0000000059350000,0x0000000059450000)]
  0x0000000056a5f800 JavaThread "RMI TCP Accept-0" daemon [_thread_in_native, id=6176, stack(0x0000000057280000,0x0000000057380000)]
  0x000000005691f000 JavaThread "Service Thread" daemon [_thread_blocked, id=1680, stack(0x00000000575d0000,0x00000000576d0000)]
  0x0000000056913000 JavaThread "C1 CompilerThread2" daemon [_thread_blocked, id=2852, stack(0x0000000057380000,0x0000000057480000)]
  0x0000000056911000 JavaThread "C2 CompilerThread1" daemon [_thread_blocked, id=6568, stack(0x0000000057150000,0x0000000057250000)]
  0x0000000056896000 JavaThread "C2 CompilerThread0" daemon [_thread_blocked, id=6272, stack(0x0000000056f00000,0x0000000057000000)]
  0x00000000568a9000 JavaThread "Monitor Ctrl-Break" daemon [_thread_in_native, id=8448, stack(0x0000000056d80000,0x0000000056e80000)]
  0x00000000550ff800 JavaThread "Attach Listener" daemon [_thread_blocked, id=5164, stack(0x0000000056190000,0x0000000056290000)]
=>0x00000000550f1000 JavaThread "Signal Dispatcher" daemon [_thread_in_vm, id=6208, stack(0x0000000056b40000,0x0000000056c40000)]
  0x00000000550dc800 JavaThread "Finalizer" daemon [_thread_blocked, id=8708, stack(0x0000000056580000,0x0000000056680000)]
  0x0000000055095800 JavaThread "Reference Handler" daemon [_thread_blocked, id=6224, stack(0x0000000056430000,0x0000000056530000)]

Other Threads:
  0x000000005508d800 VMThread [stack: 0x0000000056290000,0x0000000056390000] [id=5068]

VM state:synchronizing (normal execution)

VM Mutex/Monitor currently owned by a thread:  ([mutex/lock_event])
[0x00000000024d9a00] Threads_lock - owner thread: 0x000000005508d800
[0x00000000024d9f00] Heap_lock - owner thread: 0x00000000024db000

Heap:
 PSYoungGen      total 72192K, used 4646K [0x00000000eb400000, 0x00000000f0200000, 0x0000000100000000)
  eden space 65024K, 7% used [0x00000000eb400000,0x00000000eb889940,0x00000000ef380000)
  from space 7168K, 0% used [0x00000000ef380000,0x00000000ef380000,0x00000000efa80000)
  to   space 6656K, 0% used [0x00000000efa80000,0x00000000efa80000,0x00000000f0100000)
 ParOldGen       total 39424K, used 8205K [0x00000000c1c00000, 0x00000000c4280000, 0x00000000eb400000)
  object space 39424K, 20% used [0x00000000c1c00000,0x00000000c2403468,0x00000000c4280000)
 Metaspace       used 29154K, capacity 30624K, committed 30848K, reserved 1079296K
  class space    used 3891K, capacity 4165K, committed 4224K, reserved 1048576K

Card table byte_map: [0x0000000011d10000,0x0000000011f10000] byte_map_base: 0x0000000011702000

Marking Bits: (ParMarkBitMap*) 0x00000000580b0600
 Begin Bits: [0x00000000125e0000, 0x0000000013570000)
 End Bits:   [0x0000000013570000, 0x0000000014500000)

Polling page: 0x0000000000430000

CodeCache: size=245760Kb used=5745Kb max_used=5745Kb free=240014Kb
 bounds [0x0000000002950000, 0x0000000002ef0000, 0x0000000011950000]
 total_blobs=3160 nmethods=2747 adapters=324
 compilation: disabled (not enough contiguous free space left)

Compilation events (10 events):
Event: 3.161 Thread 0x0000000056913000 2743       1       java.util.concurrent.atomic.AtomicBoolean::get (13 bytes)
Event: 3.161 Thread 0x0000000056913000 nmethod 2743 0x0000000002eea910 code [0x0000000002eeaa60, 0x0000000002eeab90]
Event: 3.161 Thread 0x0000000056913000 2744       1       java.lang.Class::isAnnotationPresent (6 bytes)
Event: 3.161 Thread 0x0000000056913000 nmethod 2744 0x0000000002eeabd0 code [0x0000000002eead60, 0x0000000002eeafc8]
Event: 3.161 Thread 0x0000000056913000 2745       1       org.springframework.context.support.AbstractApplicationContext::assertBeanFactoryActive (81 bytes)
Event: 3.162 Thread 0x0000000056913000 nmethod 2745 0x0000000002eeb1d0 code [0x0000000002eeb3c0, 0x0000000002eeb9f8]
Event: 3.162 Thread 0x0000000056913000 2746   !   1       com.sun.proxy.$Proxy30::annotationType (29 bytes)
Event: 3.162 Thread 0x0000000056913000 nmethod 2746 0x0000000002eebe10 code [0x0000000002eebf80, 0x0000000002eec198]
Event: 3.163 Thread 0x0000000056913000 2747   !   1       org.springframework.beans.factory.support.AbstractAutowireCapableBeanFactory::getTypeForFactoryMethod (536 bytes)
Event: 3.168 Thread 0x0000000056913000 


GC Heap History (10 events):
Event: 3.932 GC heap before
{Heap before GC invocations=36 (full 15):
 PSYoungGen      total 72192K, used 0K [0x00000000eb400000, 0x00000000f0200000, 0x0000000100000000)
  eden space 65024K, 0% used [0x00000000eb400000,0x00000000eb400000,0x00000000ef380000)
  from space 7168K, 0% used [0x00000000ef380000,0x00000000ef380000,0x00000000efa80000)
  to   space 6656K, 0% used [0x00000000efa80000,0x00000000efa80000,0x00000000f0100000)
 ParOldGen       total 39424K, used 8206K [0x00000000c1c00000, 0x00000000c4280000, 0x00000000eb400000)
  object space 39424K, 20% used [0x00000000c1c00000,0x00000000c2403a48,0x00000000c4280000)
 Metaspace       used 28991K, capacity 30312K, committed 30592K, reserved 1081344K
  class space    used 3862K, capacity 4145K, committed 4224K, reserved 1048576K
Event: 3.972 GC heap after
Heap after GC invocations=36 (full 15):
 PSYoungGen      total 72192K, used 0K [0x00000000eb400000, 0x00000000f0200000, 0x0000000100000000)
  eden space 65024K, 0% used [0x00000000eb400000,0x00000000eb400000,0x00000000ef380000)
  from space 7168K, 0% used [0x00000000ef380000,0x00000000ef380000,0x00000000efa80000)
  to   space 6656K, 0% used [0x00000000efa80000,0x00000000efa80000,0x00000000f0100000)
 ParOldGen       total 39424K, used 8205K [0x00000000c1c00000, 0x00000000c4280000, 0x00000000eb400000)
  object space 39424K, 20% used [0x00000000c1c00000,0x00000000c2403618,0x00000000c4280000)
 Metaspace       used 28991K, capacity 30312K, committed 30592K, reserved 1077248K
  class space    used 3862K, capacity 4145K, committed 4224K, reserved 1048576K
}
Event: 3.972 GC heap before
{Heap before GC invocations=37 (full 15):
 PSYoungGen      total 72192K, used 69K [0x00000000eb400000, 0x00000000f0200000, 0x0000000100000000)
  eden space 65024K, 0% used [0x00000000eb400000,0x00000000eb411730,0x00000000ef380000)
  from space 7168K, 0% used [0x00000000ef380000,0x00000000ef380000,0x00000000efa80000)
  to   space 6656K, 0% used [0x00000000efa80000,0x00000000efa80000,0x00000000f0100000)
 ParOldGen       total 39424K, used 8205K [0x00000000c1c00000, 0x00000000c4280000, 0x00000000eb400000)
  object space 39424K, 20% used [0x00000000c1c00000,0x00000000c2403618,0x00000000c4280000)
 Metaspace       used 28991K, capacity 30312K, committed 30592K, reserved 1083392K
  class space    used 3862K, capacity 4145K, committed 4224K, reserved 1048576K
Event: 3.973 GC heap after
Heap after GC invocations=37 (full 15):
 PSYoungGen      total 71680K, used 64K [0x00000000eb400000, 0x00000000f0200000, 0x0000000100000000)
  eden space 65024K, 0% used [0x00000000eb400000,0x00000000eb400000,0x00000000ef380000)
  from space 6656K, 0% used [0x00000000efa80000,0x00000000efa90000,0x00000000f0100000)
  to   space 7168K, 0% used [0x00000000ef380000,0x00000000ef380000,0x00000000efa80000)
 ParOldGen       total 39424K, used 8205K [0x00000000c1c00000, 0x00000000c4280000, 0x00000000eb400000)
  object space 39424K, 20% used [0x00000000c1c00000,0x00000000c2403618,0x00000000c4280000)
 Metaspace       used 28991K, capacity 30312K, committed 30592K, reserved 1083392K
  class space    used 3862K, capacity 4145K, committed 4224K, reserved 1048576K
}
Event: 3.973 GC heap before
{Heap before GC invocations=38 (full 16):
 PSYoungGen      total 71680K, used 64K [0x00000000eb400000, 0x00000000f0200000, 0x0000000100000000)
  eden space 65024K, 0% used [0x00000000eb400000,0x00000000eb400000,0x00000000ef380000)
  from space 6656K, 0% used [0x00000000efa80000,0x00000000efa90000,0x00000000f0100000)
  to   space 7168K, 0% used [0x00000000ef380000,0x00000000ef380000,0x00000000efa80000)
 ParOldGen       total 39424K, used 8205K [0x00000000c1c00000, 0x00000000c4280000, 0x00000000eb400000)
  object space 39424K, 20% used [0x00000000c1c00000,0x00000000c2403618,0x00000000c4280000)
 Metaspace       used 28991K, capacity 30312K, committed 30592K, reserved 1083392K
  class space    used 3862K, capacity 4145K, committed 4224K, reserved 1048576K
Event: 4.010 GC heap after
Heap after GC invocations=38 (full 16):
 PSYoungGen      total 71680K, used 0K [0x00000000eb400000, 0x00000000f0200000, 0x0000000100000000)
  eden space 65024K, 0% used [0x00000000eb400000,0x00000000eb400000,0x00000000ef380000)
  from space 6656K, 0% used [0x00000000efa80000,0x00000000efa80000,0x00000000f0100000)
  to   space 7168K, 0% used [0x00000000ef380000,0x00000000ef380000,0x00000000efa80000)
 ParOldGen       total 39424K, used 8205K [0x00000000c1c00000, 0x00000000c4280000, 0x00000000eb400000)
  object space 39424K, 20% used [0x00000000c1c00000,0x00000000c2403468,0x00000000c4280000)
 Metaspace       used 28991K, capacity 30312K, committed 30592K, reserved 1077248K
  class space    used 3862K, capacity 4145K, committed 4224K, reserved 1048576K
}
Event: 4.010 GC heap before
{Heap before GC invocations=39 (full 16):
 PSYoungGen      total 71680K, used 0K [0x00000000eb400000, 0x00000000f0200000, 0x0000000100000000)
  eden space 65024K, 0% used [0x00000000eb400000,0x00000000eb400000,0x00000000ef380000)
  from space 6656K, 0% used [0x00000000efa80000,0x00000000efa80000,0x00000000f0100000)
  to   space 7168K, 0% used [0x00000000ef380000,0x00000000ef380000,0x00000000efa80000)
 ParOldGen       total 39424K, used 8205K [0x00000000c1c00000, 0x00000000c4280000, 0x00000000eb400000)
  object space 39424K, 20% used [0x00000000c1c00000,0x00000000c2403468,0x00000000c4280000)
 Metaspace       used 28991K, capacity 30312K, committed 30592K, reserved 1081344K
  class space    used 3862K, capacity 4145K, committed 4224K, reserved 1048576K
Event: 4.011 GC heap after
Heap after GC invocations=39 (full 16):
 PSYoungGen      total 72192K, used 0K [0x00000000eb400000, 0x00000000f0200000, 0x0000000100000000)
  eden space 65024K, 0% used [0x00000000eb400000,0x00000000eb400000,0x00000000ef380000)
  from space 7168K, 0% used [0x00000000ef380000,0x00000000ef380000,0x00000000efa80000)
  to   space 6656K, 0% used [0x00000000efa80000,0x00000000efa80000,0x00000000f0100000)
 ParOldGen       total 39424K, used 8205K [0x00000000c1c00000, 0x00000000c4280000, 0x00000000eb400000)
  object space 39424K, 20% used [0x00000000c1c00000,0x00000000c2403468,0x00000000c4280000)
 Metaspace       used 28991K, capacity 30312K, committed 30592K, reserved 1081344K
  class space    used 3862K, capacity 4145K, committed 4224K, reserved 1048576K
}
Event: 4.011 GC heap before
{Heap before GC invocations=40 (full 17):
 PSYoungGen      total 72192K, used 0K [0x00000000eb400000, 0x00000000f0200000, 0x0000000100000000)
  eden space 65024K, 0% used [0x00000000eb400000,0x00000000eb400000,0x00000000ef380000)
  from space 7168K, 0% used [0x00000000ef380000,0x00000000ef380000,0x00000000efa80000)
  to   space 6656K, 0% used [0x00000000efa80000,0x00000000efa80000,0x00000000f0100000)
 ParOldGen       total 39424K, used 8205K [0x00000000c1c00000, 0x00000000c4280000, 0x00000000eb400000)
  object space 39424K, 20% used [0x00000000c1c00000,0x00000000c2403468,0x00000000c4280000)
 Metaspace       used 28991K, capacity 30312K, committed 30592K, reserved 1081344K
  class space    used 3862K, capacity 4145K, committed 4224K, reserved 1048576K
Event: 4.033 GC heap after
Heap after GC invocations=40 (full 17):
 PSYoungGen      total 72192K, used 0K [0x00000000eb400000, 0x00000000f0200000, 0x0000000100000000)
  eden space 65024K, 0% used [0x00000000eb400000,0x00000000eb400000,0x00000000ef380000)
  from space 7168K, 0% used [0x00000000ef380000,0x00000000ef380000,0x00000000efa80000)
  to   space 6656K, 0% used [0x00000000efa80000,0x00000000efa80000,0x00000000f0100000)
 ParOldGen       total 39424K, used 8205K [0x00000000c1c00000, 0x00000000c4280000, 0x00000000eb400000)
  object space 39424K, 20% used [0x00000000c1c00000,0x00000000c2403468,0x00000000c4280000)
 Metaspace       used 28991K, capacity 30312K, committed 30592K, reserved 1077248K
  class space    used 3862K, capacity 4145K, committed 4224K, reserved 1048576K
}

Deoptimization events (0 events):
No events

Internal exceptions (10 events):
Event: 4.038 Thread 0x00000000024db000 Exception <a 'java/lang/ArrayIndexOutOfBoundsException'> (0x00000000eb487478) thrown at [C:\re\workspace\8-2-build-windows-amd64-cygwin\jdk8u74\6087\hotspot\src\share\vm\runtime\sharedRuntime.cpp, line 605]
Event: 4.038 Thread 0x00000000588fa000 Exception <a 'java/lang/NoSuchMethodError': <clinit>> (0x00000000eb543e58) thrown at [C:\re\workspace\8-2-build-windows-amd64-cygwin\jdk8u74\6087\hotspot\src\share\vm\prims\jni.cpp, line 1591]
Event: 4.038 Thread 0x00000000024db000 Exception <a 'java/lang/ArrayIndexOutOfBoundsException'> (0x00000000eb488e78) thrown at [C:\re\workspace\8-2-build-windows-amd64-cygwin\jdk8u74\6087\hotspot\src\share\vm\runtime\sharedRuntime.cpp, line 605]
Event: 4.039 Thread 0x00000000024db000 Exception <a 'java/lang/ArrayIndexOutOfBoundsException'> (0x00000000eb491e38) thrown at [C:\re\workspace\8-2-build-windows-amd64-cygwin\jdk8u74\6087\hotspot\src\share\vm\runtime\sharedRuntime.cpp, line 605]
Event: 4.039 Thread 0x00000000024db000 Exception <a 'java/lang/ArrayIndexOutOfBoundsException'> (0x00000000eb49ac88) thrown at [C:\re\workspace\8-2-build-windows-amd64-cygwin\jdk8u74\6087\hotspot\src\share\vm\runtime\sharedRuntime.cpp, line 605]
Event: 4.039 Thread 0x00000000024db000 Exception <a 'java/lang/ArrayIndexOutOfBoundsException'> (0x00000000eb49d180) thrown at [C:\re\workspace\8-2-build-windows-amd64-cygwin\jdk8u74\6087\hotspot\src\share\vm\runtime\sharedRuntime.cpp, line 605]
Event: 4.040 Thread 0x00000000024db000 Exception <a 'java/lang/ArrayIndexOutOfBoundsException'> (0x00000000eb4a8b30) thrown at [C:\re\workspace\8-2-build-windows-amd64-cygwin\jdk8u74\6087\hotspot\src\share\vm\runtime\sharedRuntime.cpp, line 605]
Event: 4.040 Thread 0x00000000024db000 Exception <a 'java/lang/ArrayIndexOutOfBoundsException'> (0x00000000eb4b1710) thrown at [C:\re\workspace\8-2-build-windows-amd64-cygwin\jdk8u74\6087\hotspot\src\share\vm\runtime\sharedRuntime.cpp, line 605]
Event: 4.041 Thread 0x00000000588fa000 Exception <a 'java/lang/reflect/InvocationTargetException'> (0x00000000eb5562e0) thrown at [C:\re\workspace\8-2-build-windows-amd64-cygwin\jdk8u74\6087\hotspot\src\share\vm\runtime\reflection.cpp, line 1092]
Event: 4.043 Thread 0x00000000588fa000 Exception <a 'java/lang/NoSuchMethodError': <clinit>> (0x00000000eb714410) thrown at [C:\re\workspace\8-2-build-windows-amd64-cygwin\jdk8u74\6087\hotspot\src\share\vm\prims\jni.cpp, line 1591]

Events (10 events):
Event: 4.047 loading class org/springframework/boot/SpringBootExceptionHandler done
Event: 4.048 loading class org/springframework/boot/SpringBootExceptionHandler$LoggedExceptionHandlerThreadLocal
Event: 4.048 loading class org/springframework/boot/SpringBootExceptionHandler$LoggedExceptionHandlerThreadLocal done
Event: 4.048 Thread 0x00000000024db000 Thread exited: 0x00000000024db000
Event: 4.048 Thread 0x00000000024db000 Thread added: 0x00000000024db000
Event: 4.049 loading class java/util/IdentityHashMap$KeyIterator
Event: 4.049 loading class java/util/IdentityHashMap$KeyIterator done
Event: 4.049 Thread 0x000000005a132800 Thread added: 0x000000005a132800
Event: 4.049 Thread 0x000000005a132800 Thread exited: 0x000000005a132800
Event: 4.051 Thread 0x00000000024db000 Thread exited: 0x00000000024db000


Dynamic libraries:
0x000000013f270000 - 0x000000013f2a7000 	D:\Program Files\JDK1.8.0_74_x64\bin\java.exe
0x00000000772a0000 - 0x0000000077448000 	C:\Windows\SYSTEM32\ntdll.dll
0x0000000077180000 - 0x000000007729f000 	C:\Windows\system32\kernel32.dll
0x000007fefd4c0000 - 0x000007fefd52c000 	C:\Windows\system32\KERNELBASE.dll
0x000007fefe490000 - 0x000007fefe56b000 	C:\Windows\system32\ADVAPI32.dll
0x000007fefdf90000 - 0x000007fefe02f000 	C:\Windows\system32\msvcrt.dll
0x000007fefdd20000 - 0x000007fefdd3f000 	C:\Windows\SYSTEM32\sechost.dll
0x000007fefe360000 - 0x000007fefe48d000 	C:\Windows\system32\RPCRT4.dll
0x0000000077080000 - 0x000000007717a000 	C:\Windows\system32\USER32.dll
0x000007fefdcb0000 - 0x000007fefdd17000 	C:\Windows\system32\GDI32.dll
0x000007feff5a0000 - 0x000007feff5ae000 	C:\Windows\system32\LPK.dll
0x000007fefe290000 - 0x000007fefe359000 	C:\Windows\system32\USP10.dll
0x000007fefb580000 - 0x000007fefb774000 	C:\Windows\WinSxS\amd64_microsoft.windows.common-controls_6595b64144ccf1df_6.0.7601.17514_none_fa396087175ac9ac\COMCTL32.dll
0x000007fefdde0000 - 0x000007fefde51000 	C:\Windows\system32\SHLWAPI.dll
0x000007fefe570000 - 0x000007fefe59e000 	C:\Windows\system32\IMM32.DLL
0x000007fefe5a0000 - 0x000007fefe6a9000 	C:\Windows\system32\MSCTF.dll
0x0000000069730000 - 0x0000000069802000 	D:\Program Files\JDK1.8.0_74_x64\jre\bin\msvcr100.dll
0x00000000578a0000 - 0x0000000058130000 	D:\Program Files\JDK1.8.0_74_x64\jre\bin\server\jvm.dll
0x000007fef8af0000 - 0x000007fef8af9000 	C:\Windows\system32\WSOCK32.dll
0x000007fefd5d0000 - 0x000007fefd61d000 	C:\Windows\system32\WS2_32.dll
0x000007fefd9f0000 - 0x000007fefd9f8000 	C:\Windows\system32\NSI.dll
0x000007fefaf00000 - 0x000007fefaf3b000 	C:\Windows\system32\WINMM.dll
0x000007fefc200000 - 0x000007fefc20c000 	C:\Windows\system32\VERSION.dll
0x0000000077460000 - 0x0000000077467000 	C:\Windows\system32\PSAPI.DLL
0x0000000074370000 - 0x000000007437f000 	D:\Program Files\JDK1.8.0_74_x64\jre\bin\verify.dll
0x00000000734c0000 - 0x00000000734e9000 	D:\Program Files\JDK1.8.0_74_x64\jre\bin\java.dll
0x0000000073460000 - 0x0000000073483000 	D:\Program Files\JDK1.8.0_74_x64\jre\bin\instrument.dll
0x0000000073500000 - 0x0000000073516000 	D:\Program Files\JDK1.8.0_74_x64\jre\bin\zip.dll
0x000007fefe6b0000 - 0x000007feff438000 	C:\Windows\system32\SHELL32.dll
0x000007fefdaa0000 - 0x000007fefdca3000 	C:\Windows\system32\ole32.dll
0x000007fefd130000 - 0x000007fefd13f000 	C:\Windows\system32\profapi.dll
0x000007feecb80000 - 0x000007feecb9a000 	D:\Program Files\IntelliJ IDEA 2019.2.3\bin\breakgen64.dll
0x00000000733c0000 - 0x00000000733da000 	D:\Program Files\JDK1.8.0_74_x64\jre\bin\net.dll
0x000007fefc980000 - 0x000007fefc9d5000 	C:\Windows\system32\mswsock.dll
0x000007fefc970000 - 0x000007fefc977000 	C:\Windows\System32\wship6.dll
0x000007fefc2d0000 - 0x000007fefc2d7000 	C:\Windows\System32\wshtcpip.dll
0x000007fefc800000 - 0x000007fefc85b000 	C:\Windows\system32\DNSAPI.dll
0x000007fefb530000 - 0x000007fefb557000 	C:\Windows\system32\IPHLPAPI.DLL
0x000007fefb520000 - 0x000007fefb52b000 	C:\Windows\system32\WINNSI.DLL
0x000007fef4180000 - 0x000007fef4188000 	C:\Windows\system32\rasadhlp.dll
0x000007fefb360000 - 0x000007fefb3b3000 	C:\Windows\System32\fwpuclnt.dll
0x0000000074380000 - 0x000000007438d000 	D:\Program Files\JDK1.8.0_74_x64\jre\bin\management.dll
0x00000000733a0000 - 0x00000000733b1000 	D:\Program Files\JDK1.8.0_74_x64\jre\bin\nio.dll
0x000007fefc9e0000 - 0x000007fefc9f7000 	C:\Windows\system32\CRYPTSP.dll
0x000007fefc6e0000 - 0x000007fefc727000 	C:\Windows\system32\rsaenh.dll
0x000007fefc450000 - 0x000007fefc46e000 	C:\Windows\system32\USERENV.dll
0x000007fefd060000 - 0x000007fefd06f000 	C:\Windows\system32\CRYPTBASE.dll
0x000007fefb060000 - 0x000007fefb078000 	C:\Windows\system32\dhcpcsvc.DLL
0x000007fefb040000 - 0x000007fefb051000 	C:\Windows\system32\dhcpcsvc6.DLL
0x000007fefbb40000 - 0x000007fefbb55000 	C:\Windows\system32\NLAapi.dll
0x000007fef28c0000 - 0x000007fef28d5000 	C:\Windows\system32\napinsp.dll
0x000007fef28e0000 - 0x000007fef28f9000 	C:\Windows\system32\pnrpnsp.dll
0x000007fef28b0000 - 0x000007fef28bb000 	C:\Windows\System32\winrnr.dll
0x0000000180000000 - 0x000000018018c000 	D:\Program Files\apache-tomcat-8.0.8\bin\tcnative-1.dll

VM Arguments:
jvm_args: -XX:TieredStopAtLevel=1 -Xverify:none -Dspring.output.ansi.enabled=always -Dcom.sun.management.jmxremote -Dspring.jmx.enabled=true -Dspring.liveBeansView.mbeanDomain -Dspring.application.admin.enabled=true -javaagent:D:\Program Files\IntelliJ IDEA 2019.2.3\lib\idea_rt.jar=52476:D:\Program Files\IntelliJ IDEA 2019.2.3\bin -Dfile.encoding=UTF-8 
java_command: com.example.demo.DemoApplication
java_class_path (initial): D:\Program Files\JDK1.8.0_74_x64\jre\lib\charsets.jar;D:\Program Files\JDK1.8.0_74_x64\jre\lib\deploy.jar;D:\Program Files\JDK1.8.0_74_x64\jre\lib\ext\access-bridge-64.jar;D:\Program Files\JDK1.8.0_74_x64\jre\lib\ext\cldrdata.jar;D:\Program Files\JDK1.8.0_74_x64\jre\lib\ext\dnsns.jar;D:\Program Files\JDK1.8.0_74_x64\jre\lib\ext\jaccess.jar;D:\Program Files\JDK1.8.0_74_x64\jre\lib\ext\jfxrt.jar;D:\Program Files\JDK1.8.0_74_x64\jre\lib\ext\localedata.jar;D:\Program Files\JDK1.8.0_74_x64\jre\lib\ext\nashorn.jar;D:\Program Files\JDK1.8.0_74_x64\jre\lib\ext\sunec.jar;D:\Program Files\JDK1.8.0_74_x64\jre\lib\ext\sunjce_provider.jar;D:\Program Files\JDK1.8.0_74_x64\jre\lib\ext\sunmscapi.jar;D:\Program Files\JDK1.8.0_74_x64\jre\lib\ext\sunpkcs11.jar;D:\Program Files\JDK1.8.0_74_x64\jre\lib\ext\zipfs.jar;D:\Program Files\JDK1.8.0_74_x64\jre\lib\javaws.jar;D:\Program Files\JDK1.8.0_74_x64\jre\lib\jce.jar;D:\Program Files\JDK1.8.0_74_x64\jre\lib\jfr.jar;D:\Program Files\JDK1.8.0_74_x64\jre\lib\jfxswt.jar;D:\Program Files\JDK1.8.0_74_x64\jre\lib\jsse.jar;D:\Program Files\JDK1.8.0_74_x64\jre\lib\management-agent.jar;D:\Program Files\JDK1.8.0_74_x64\jre\lib\plugin.jar;D:\Program Files\JDK1.8.0_74_x64\jre\lib\resources.jar;D:\Program Files\JDK1.8.0_74_x64\jre\lib\rt.jar;D:\IEDAworkspace\SpringbootDemo\target\classes;D:\UserData\m2\repository\org\springframework\boot\spring-boot-starter-web\2.1.8.RELEASE\spring-boot-starter-web-2.1.8.RELEASE.jar;D:\UserData\m2\repository\org\springframework\boot\spring-boot-starter\2.1.8.RELEASE\spring-boot-starter-2.1.8.RELEASE.jar;D:\UserData\m2\repository\org\springframework\boot\spring-boot\2.1.8.RELEASE\spring-boot-2.1.8.RELEASE.jar;D:\UserData\m2\repository\org\springframework\boot\spring-boot-autoconfigure\2.1.8.RELEASE\spring-boot-autoconfigure-2.1.8.RELEASE.jar;D:\UserData\m2\repository\org\springframework\boot\spring-boot-starter-logging\2.1.8.RELEASE\spring-boot-starter-logging-2.1.8.RELEASE.jar;D:\UserData\m
Launcher Type: SUN_STANDARD

Environment Variables:
JAVA_HOME=D:\Program Files\JDK1.8.0_74_x64
PATH=D:\Program Files\FTPshell\;D:\Program Files\Xshell6\;C:\Windows\system32;C:\Windows;C:\Windows\System32\Wbem;C:\Windows\System32\WindowsPowerShell\v1.0\;C:\Program Files\Intel\WiFi\bin\;C:\Program Files\Common Files\Intel\WirelessCommon\;D:\Program Files\JDK1.8.0_74_x64\bin;D:\Program Files\JDK1.8.0_74_x64\jre\bin;C:\Program Files (x86)\MySQL\MySQL Fabric 1.5.2 & MySQL Utilities 1.5.2 1.5\;C:\Program Files (x86)\MySQL\MySQL Fabric 1.5.2 & MySQL Utilities 1.5.2 1.5\Doctrine extensions for PHP\;C:\Program Files\MySQL\MySQL Server 5.6\\bin;D:\Program Files\apache-tomcat-8.0.8\lib;D:\Program Files\apache-tomcat-8.0.8\bin;D:\tools\apache-ant-1.9.14/bin;D:\tools\TortoiseSVN\bin;C:\Program Files\Intel\WiFi\bin\;C:\Program Files\Common Files\Intel\WirelessCommon\;D:\≥£”√»Ìº˛\Microsoft VS Code\bin
USERNAME=Administrator
OS=Windows_NT
PROCESSOR_IDENTIFIER=Intel64 Family 6 Model 42 Stepping 7, GenuineIntel



---------------  S Y S T E M  ---------------

OS: Windows 7 , 64 bit Build 7601 (6.1.7601.18798)

CPU:total 4 (2 cores per cpu, 2 threads per core) family 6 model 42 stepping 7, cmov, cx8, fxsr, mmx, sse, sse2, sse3, ssse3, sse4.1, sse4.2, popcnt, avx, aes, clmul, ht, tsc, tscinvbit

Memory: 4k page, physical 4073712k(59160k free), swap 6169012k(4088k free)

vm_info: Java HotSpot(TM) 64-Bit Server VM (25.74-b02) for windows-amd64 JRE (1.8.0_74-b02), built on Jan 29 2016 17:42:36 by "java_re" with MS VC++ 10.0 (VS2010)

time: Fri Sep 27 11:50:56 2019
elapsed time: 4 seconds (0d 0h 0m 4s)

